[debug] [2025-04-10T22:39:38.588Z] ----------------------------------------------------------------------
[debug] [2025-04-10T22:39:38.593Z] Command:       C:\Program Files\nodejs\node.exe C:\Users\abdo\AppData\Roaming\npm\node_modules\firebase-tools\lib\bin\firebase.js init
[debug] [2025-04-10T22:39:38.593Z] CLI Version:   14.1.0
[debug] [2025-04-10T22:39:38.594Z] Platform:      win32
[debug] [2025-04-10T22:39:38.594Z] Node Version:  v22.14.0
[debug] [2025-04-10T22:39:38.594Z] Time:          Thu Apr 10 2025 15:39:38 GMT-0700 (heure d’été du Pacifique nord-américain)
[debug] [2025-04-10T22:39:38.595Z] ----------------------------------------------------------------------
[debug] 
[debug] [2025-04-10T22:39:38.604Z] > command requires scopes: ["email","openid","https://www.googleapis.com/auth/cloudplatformprojects.readonly","https://www.googleapis.com/auth/firebase","https://www.googleapis.com/auth/cloud-platform"]
[debug] [2025-04-10T22:39:38.605Z] > authorizing via signed-in user (abderrahimkoudak@gmail.com)
[info] 
     ######## #### ########  ######## ########     ###     ######  ########
     ##        ##  ##     ## ##       ##     ##  ##   ##  ##       ##
     ######    ##  ########  ######   ########  #########  ######  ######
     ##        ##  ##    ##  ##       ##     ## ##     ##       ## ##
     ##       #### ##     ## ######## ########  ##     ##  ######  ########

You're about to initialize a Firebase project in this directory:

  C:\Users\abdo\Desktop\projet

[info] 
=== Project Setup
[info] 
[info] First, let's associate this project directory with a Firebase project.
[info] You can create multiple project aliases by running firebase use --add, 
[info] but for now we'll just set up a default project.
[info] 
[debug] [2025-04-10T22:40:16.904Z] Checked if tokens are valid: false, expires at: 1744325194453
[debug] [2025-04-10T22:40:16.905Z] Checked if tokens are valid: false, expires at: 1744325194453
[debug] [2025-04-10T22:40:16.905Z] > refreshing access token with scopes: []
[debug] [2025-04-10T22:40:16.909Z] >>> [apiv2][query] POST https://www.googleapis.com/oauth2/v3/token [none]
[debug] [2025-04-10T22:40:16.909Z] >>> [apiv2][body] POST https://www.googleapis.com/oauth2/v3/token [omitted]
[debug] [2025-04-10T22:40:17.194Z] <<< [apiv2][status] POST https://www.googleapis.com/oauth2/v3/token 200
[debug] [2025-04-10T22:40:17.195Z] <<< [apiv2][body] POST https://www.googleapis.com/oauth2/v3/token [omitted]
[debug] [2025-04-10T22:40:17.330Z] >>> [apiv2][query] GET https://firebase.googleapis.com/v1beta1/projects pageSize=100
[debug] [2025-04-10T22:40:17.860Z] <<< [apiv2][status] GET https://firebase.googleapis.com/v1beta1/projects 200
[debug] [2025-04-10T22:40:17.861Z] <<< [apiv2][body] GET https://firebase.googleapis.com/v1beta1/projects [omitted]
[info] i  Using project menudigital-de8ec (menudigital) 
[info] 
=== Dataconnect Setup
[debug] [2025-04-10T22:40:20.920Z] Checked if tokens are valid: true, expires at: 1744328416195
[debug] [2025-04-10T22:40:20.921Z] Checked if tokens are valid: true, expires at: 1744328416195
[debug] [2025-04-10T22:40:20.922Z] >>> [apiv2][query] GET https://cloudbilling.googleapis.com/v1/projects/menudigital-de8ec/billingInfo [none]
[debug] [2025-04-10T22:40:21.380Z] <<< [apiv2][status] GET https://cloudbilling.googleapis.com/v1/projects/menudigital-de8ec/billingInfo 200
[debug] [2025-04-10T22:40:21.381Z] <<< [apiv2][body] GET https://cloudbilling.googleapis.com/v1/projects/menudigital-de8ec/billingInfo {"name":"projects/menudigital-de8ec/billingInfo","projectId":"menudigital-de8ec","billingAccountName":"","billingEnabled":false}
[info] i  dataconnect: ensuring required API sqladmin.googleapis.com is enabled... 
[debug] [2025-04-10T22:40:21.385Z] Checked if tokens are valid: true, expires at: 1744328416195
[debug] [2025-04-10T22:40:21.385Z] Checked if tokens are valid: true, expires at: 1744328416195
[debug] [2025-04-10T22:40:21.386Z] >>> [apiv2][query] GET https://serviceusage.googleapis.com/v1/projects/menudigital-de8ec/services/sqladmin.googleapis.com [none]
[debug] [2025-04-10T22:40:21.386Z] >>> [apiv2][(partial)header] GET https://serviceusage.googleapis.com/v1/projects/menudigital-de8ec/services/sqladmin.googleapis.com x-goog-quota-user=projects/menudigital-de8ec
[debug] [2025-04-10T22:40:22.432Z] <<< [apiv2][status] GET https://serviceusage.googleapis.com/v1/projects/menudigital-de8ec/services/sqladmin.googleapis.com 200
[debug] [2025-04-10T22:40:22.433Z] <<< [apiv2][body] GET https://serviceusage.googleapis.com/v1/projects/menudigital-de8ec/services/sqladmin.googleapis.com [omitted]
[info] +  dataconnect: required API sqladmin.googleapis.com is enabled 
[info] i  dataconnect\dataconnect.yaml is unchanged 
[info] i  dataconnect\schema\schema.gql is unchanged 
[info] i  dataconnect\connector\connector.yaml is unchanged 
[info] i  dataconnect\connector\queries.gql is unchanged 
[info] i  dataconnect\connector\mutations.gql is unchanged 
[info] i  If you'd like to add the generated SDK to your app later, run firebase init dataconnect:sdk 
[info] i  If you'd like to provision a CloudSQL Postgres instance on the Firebase Data Connect no-cost trial:
1. Please upgrade to the pay-as-you-go (Blaze) billing plan. Visit the following page:
     https://console.firebase.google.com/project/menudigital-de8ec/usage/details
2. Run firebase init dataconnect again to configure the Cloud SQL instance.
3. Run firebase deploy --only dataconnect to deploy your Data Connect service. 
[info] 
=== Firestore Setup
[debug] [2025-04-10T22:40:22.473Z] Checked if tokens are valid: true, expires at: 1744328416195
[debug] [2025-04-10T22:40:22.473Z] Checked if tokens are valid: true, expires at: 1744328416195
[debug] [2025-04-10T22:40:22.473Z] >>> [apiv2][query] GET https://serviceusage.googleapis.com/v1/projects/menudigital-de8ec/services/firestore.googleapis.com [none]
[debug] [2025-04-10T22:40:22.474Z] >>> [apiv2][(partial)header] GET https://serviceusage.googleapis.com/v1/projects/menudigital-de8ec/services/firestore.googleapis.com x-goog-quota-user=projects/menudigital-de8ec
[debug] [2025-04-10T22:40:22.837Z] <<< [apiv2][status] GET https://serviceusage.googleapis.com/v1/projects/menudigital-de8ec/services/firestore.googleapis.com 200
[debug] [2025-04-10T22:40:22.837Z] <<< [apiv2][body] GET https://serviceusage.googleapis.com/v1/projects/menudigital-de8ec/services/firestore.googleapis.com [omitted]
[debug] [2025-04-10T22:40:22.839Z] Checked if tokens are valid: true, expires at: 1744328416195
[debug] [2025-04-10T22:40:22.840Z] Checked if tokens are valid: true, expires at: 1744328416195
[debug] [2025-04-10T22:40:22.840Z] >>> [apiv2][query] GET https://firestore.googleapis.com/v1/projects/menudigital-de8ec/databases/(default) [none]
[debug] [2025-04-10T22:40:23.681Z] <<< [apiv2][status] GET https://firestore.googleapis.com/v1/projects/menudigital-de8ec/databases/(default) 200
[debug] [2025-04-10T22:40:23.681Z] <<< [apiv2][body] GET https://firestore.googleapis.com/v1/projects/menudigital-de8ec/databases/(default) {"name":"projects/menudigital-de8ec/databases/(default)","uid":"5c3b4a89-e51f-4127-b63f-0b4f12a8569a","createTime":"2025-04-10T22:29:41.421377Z","updateTime":"2025-04-10T22:29:41.421377Z","locationId":"nam5","type":"FIRESTORE_NATIVE","concurrencyMode":"PESSIMISTIC","versionRetentionPeriod":"3600s","earliestVersionTime":"2025-04-10T22:29:41.421377Z","appEngineIntegrationMode":"DISABLED","keyPrefix":"s","pointInTimeRecoveryEnablement":"POINT_IN_TIME_RECOVERY_DISABLED","deleteProtectionState":"DELETE_PROTECTION_DISABLED","databaseEdition":"STANDARD","freeTier":true,"etag":"IOOljqzEzowDMJzsnMfCzowD"}
[debug] [2025-04-10T22:40:23.682Z] database_type: FIRESTORE_NATIVE
[debug] [2025-04-10T22:40:23.682Z] database_type: FIRESTORE_NATIVE
[debug] [2025-04-10T22:40:23.683Z] > command requires scopes: ["email","openid","https://www.googleapis.com/auth/cloudplatformprojects.readonly","https://www.googleapis.com/auth/firebase","https://www.googleapis.com/auth/cloud-platform"]
[debug] [2025-04-10T22:40:23.684Z] > authorizing via signed-in user (abderrahimkoudak@gmail.com)
[debug] [2025-04-10T22:40:23.685Z] [iam] checking project menudigital-de8ec for permissions ["firebase.projects.get"]
[debug] [2025-04-10T22:40:23.686Z] Checked if tokens are valid: true, expires at: 1744328416195
[debug] [2025-04-10T22:40:23.687Z] Checked if tokens are valid: true, expires at: 1744328416195
[debug] [2025-04-10T22:40:23.687Z] >>> [apiv2][query] POST https://cloudresourcemanager.googleapis.com/v1/projects/menudigital-de8ec:testIamPermissions [none]
[debug] [2025-04-10T22:40:23.688Z] >>> [apiv2][(partial)header] POST https://cloudresourcemanager.googleapis.com/v1/projects/menudigital-de8ec:testIamPermissions x-goog-quota-user=projects/menudigital-de8ec
[debug] [2025-04-10T22:40:23.688Z] >>> [apiv2][body] POST https://cloudresourcemanager.googleapis.com/v1/projects/menudigital-de8ec:testIamPermissions {"permissions":["firebase.projects.get"]}
[debug] [2025-04-10T22:40:24.474Z] <<< [apiv2][status] POST https://cloudresourcemanager.googleapis.com/v1/projects/menudigital-de8ec:testIamPermissions 200
[debug] [2025-04-10T22:40:24.475Z] <<< [apiv2][body] POST https://cloudresourcemanager.googleapis.com/v1/projects/menudigital-de8ec:testIamPermissions {"permissions":["firebase.projects.get"]}
[info] 
[info] Firestore Security Rules allow you to define how and when to allow
[info] requests. You can keep these rules in your project directory
[info] and publish them with firebase deploy.
[info] 
